Build started 2018/7/5 上午 01:32:05.
     1>Project "G:\daniel\視窗\Calculator_WindowsForm\SceinteificCalculatorWithWindowsForm-master\Sceinteific_Calculator_WindowsForm\Sceinteific_Calculator_WindowsForm.vcxproj" on node 2 (Build target(s)).
     1>ClCompile:
         C:\Program Files (x86)\Microsoft Visual Studio 12.0\VC\bin\CL.exe /c /AI"C:\Program Files (x86)\Reference Assemblies\Microsoft\Framework\.NETFramework\v4.5\\" /AI"C:\Program Files (x86)\Windows Kits\8.1\References\CommonConfiguration\Neutral" /AI"C:\Program Files (x86)\Reference Assemblies\Microsoft\Framework\.NETFramework\v4.5\Facades\\" /Zi /clr /nologo /W3 /WX- /Od /Oy- /D WIN32 /D _DEBUG /D _UNICODE /D UNICODE /EHa /MDd /GS /fp:precise /Zc:wchar_t /Zc:forScope /Yc"stdafx.h" /Fp"Debug\Sceinteific_Calculator_WindowsForm.pch" /Fo"Debug\\" /Fd"Debug\vc120.pdb" /TP /FU"C:\Program Files (x86)\Reference Assemblies\Microsoft\Framework\.NETFramework\v4.5\mscorlib.dll" /FU"C:\Program Files (x86)\Reference Assemblies\Microsoft\Framework\.NETFramework\v4.5\System.Data.dll" /FU"C:\Program Files (x86)\Reference Assemblies\Microsoft\Framework\.NETFramework\v4.5\System.dll" /FU"C:\Program Files (x86)\Reference Assemblies\Microsoft\Framework\.NETFramework\v4.5\System.Drawing.dll" /FU"C:\Program Files (x86)\Reference Assemblies\Microsoft\Framework\.NETFramework\v4.5\System.Windows.Forms.dll" /FU"C:\Program Files (x86)\Reference Assemblies\Microsoft\Framework\.NETFramework\v4.5\System.Xml.dll" /analyze- /errorReport:prompt /clr:nostdlib stdafx.cpp
         stdafx.cpp
         C:\Program Files (x86)\Microsoft Visual Studio 12.0\VC\bin\CL.exe /c /AI"C:\Program Files (x86)\Reference Assemblies\Microsoft\Framework\.NETFramework\v4.5\\" /AI"C:\Program Files (x86)\Windows Kits\8.1\References\CommonConfiguration\Neutral" /AI"C:\Program Files (x86)\Reference Assemblies\Microsoft\Framework\.NETFramework\v4.5\Facades\\" /Zi /clr /nologo /W3 /WX- /Od /Oy- /D WIN32 /D _DEBUG /D _UNICODE /D UNICODE /EHa /MDd /GS /fp:precise /Zc:wchar_t /Zc:forScope /Yu"stdafx.h" /Fp"Debug\Sceinteific_Calculator_WindowsForm.pch" /Fo"Debug\\" /Fd"Debug\vc120.pdb" /TP /FU"C:\Program Files (x86)\Reference Assemblies\Microsoft\Framework\.NETFramework\v4.5\mscorlib.dll" /FU"C:\Program Files (x86)\Reference Assemblies\Microsoft\Framework\.NETFramework\v4.5\System.Data.dll" /FU"C:\Program Files (x86)\Reference Assemblies\Microsoft\Framework\.NETFramework\v4.5\System.dll" /FU"C:\Program Files (x86)\Reference Assemblies\Microsoft\Framework\.NETFramework\v4.5\System.Drawing.dll" /FU"C:\Program Files (x86)\Reference Assemblies\Microsoft\Framework\.NETFramework\v4.5\System.Windows.Forms.dll" /FU"C:\Program Files (x86)\Reference Assemblies\Microsoft\Framework\.NETFramework\v4.5\System.Xml.dll" /analyze- /errorReport:prompt /clr:nostdlib AssemblyInfo.cpp Calculation.cpp MyForm.cpp Sceinteific_Calculator_WindowsForm.cpp
         AssemblyInfo.cpp
         Calculation.cpp
         MyForm.cpp
     1>g:\daniel\視窗\calculator_windowsform\sceinteificcalculatorwithwindowsform-master\sceinteific_calculator_windowsform\MyForm.h(752): warning C4101: 'e' : unreferenced local variable
         Sceinteific_Calculator_WindowsForm.cpp
     1>g:\daniel\視窗\calculator_windowsform\sceinteificcalculatorwithwindowsform-master\sceinteific_calculator_windowsform\MyForm.h(752): warning C4101: 'e' : unreferenced local variable
         Generating Code...
       ResourceCompile:
         C:\Program Files (x86)\Windows Kits\8.1\bin\x86\rc.exe /D _UNICODE /D UNICODE /l"0x0409" /nologo /fo"Debug\app.res" app.rc 
       Link:
         C:\Program Files (x86)\Microsoft Visual Studio 12.0\VC\bin\link.exe /ERRORREPORT:PROMPT /OUT:"G:\daniel\視窗\Calculator_WindowsForm\SceinteificCalculatorWithWindowsForm-master\Debug\Sceinteific_Calculator_WindowsForm.exe" /INCREMENTAL /NOLOGO /ASSEMBLYRESOURCE:Debug\Sceinteific_Calculator_WindowsForm.MyForm.resources /MANIFEST /MANIFESTUAC:"level='asInvoker' uiAccess='false'" /manifest:embed /DEBUG /PDB:"G:\daniel\視窗\Calculator_WindowsForm\SceinteificCalculatorWithWindowsForm-master\Debug\Sceinteific_Calculator_WindowsForm.pdb" /ASSEMBLYDEBUG /SUBSYSTEM:WINDOWS /TLBID:1 /ENTRY:"main" /DYNAMICBASE /FIXED:NO /NXCOMPAT /MACHINE:X86 Debug\app.res
         Debug\AssemblyInfo.obj
         Debug\Calculation.obj
         Debug\MyForm.obj
         Debug\Sceinteific_Calculator_WindowsForm.obj
         Debug\stdafx.obj
         "Debug\.NETFramework,Version=v4.5.AssemblyAttributes.obj"
         Sceinteific_Calculator_WindowsForm.vcxproj -> G:\daniel\視窗\Calculator_WindowsForm\SceinteificCalculatorWithWindowsForm-master\Debug\Sceinteific_Calculator_WindowsForm.exe
     1>Done Building Project "G:\daniel\視窗\Calculator_WindowsForm\SceinteificCalculatorWithWindowsForm-master\Sceinteific_Calculator_WindowsForm\Sceinteific_Calculator_WindowsForm.vcxproj" (Build target(s)).

Build succeeded.

Time Elapsed 00:00:02.73
